<?xml version="1.0" encoding="UTF-8"?>
<testng-results skipped="0" failed="0" total="1" passed="1">
  <reporter-output>
  </reporter-output>
  <suite name="Knorrium.info - WordPress Demo" duration-ms="4707" started-at="2016-09-29T03:15:23Z" finished-at="2016-09-29T03:15:28Z">
    <groups>
    </groups>
    <test name="Write new post" duration-ms="4707" started-at="2016-09-29T03:15:23Z" finished-at="2016-09-29T03:15:28Z">
      <class name="smoke.MainPageSmokeTest">
        <test-method status="PASS" signature="setUp()[pri:0, instance:smoke.MainPageSmokeTest@60addb54]" name="setUp" is-config="true" duration-ms="4688" started-at="2016-09-28T23:15:18Z" finished-at="2016-09-28T23:15:23Z">
          <reporter-output>
          </reporter-output>
        </test-method> <!-- setUp -->
        <test-method status="PASS" signature="init()[pri:0, instance:smoke.MainPageSmokeTest@60addb54]" name="init" is-config="true" duration-ms="17" started-at="2016-09-28T23:15:23Z" description="Initialize page object" finished-at="2016-09-28T23:15:23Z">
          <reporter-output>
          </reporter-output>
        </test-method> <!-- init -->
        <test-method status="PASS" signature="clickOnHourlyCalculator()[pri:0, instance:smoke.MainPageSmokeTest@60addb54]" name="clickOnHourlyCalculator" duration-ms="3336" started-at="2016-09-28T23:15:23Z" description="Click on Hourly Calculator Button" finished-at="2016-09-28T23:15:27Z">
          <reporter-output>
          </reporter-output>
        </test-method> <!-- clickOnHourlyCalculator -->
        <test-method status="PASS" signature="goToMainPage()[pri:0, instance:smoke.MainPageSmokeTest@60addb54]" name="goToMainPage" is-config="true" duration-ms="1342" started-at="2016-09-28T23:15:27Z" finished-at="2016-09-28T23:15:28Z">
          <reporter-output>
          </reporter-output>
        </test-method> <!-- goToMainPage -->
        <test-method status="PASS" signature="tearDown()[pri:0, instance:smoke.MainPageSmokeTest@60addb54]" name="tearDown" is-config="true" duration-ms="152" started-at="2016-09-28T23:15:28Z" finished-at="2016-09-28T23:15:28Z">
          <reporter-output>
          </reporter-output>
        </test-method> <!-- tearDown -->
      </class> <!-- smoke.MainPageSmokeTest -->
    </test> <!-- Write new post -->
  </suite> <!-- Knorrium.info - WordPress Demo -->
</testng-results>
