<?xml version="1.0" encoding="UTF-8"?>
<testng-results skipped="0" failed="0" total="2" passed="2">
  <reporter-output>
  </reporter-output>
  <suite name="smoke.MainPageSmokeTest" duration-ms="12308" started-at="2016-09-28T04:07:20Z" finished-at="2016-09-28T04:07:33Z">
    <groups>
    </groups>
    <test name="Command line test" duration-ms="12308" started-at="2016-09-28T04:07:20Z" finished-at="2016-09-28T04:07:33Z">
      <class name="smoke.MainPageSmokeTest">
        <test-method status="PASS" signature="setUp()[pri:0, instance:smoke.MainPageSmokeTest@68837a77]" name="setUp" is-config="true" duration-ms="9362" started-at="2016-09-28T00:07:11Z" finished-at="2016-09-28T00:07:20Z">
          <reporter-output>
          </reporter-output>
        </test-method> <!-- setUp -->
        <test-method status="PASS" signature="init()[pri:0, instance:smoke.MainPageSmokeTest@68837a77]" name="init" is-config="true" duration-ms="17" started-at="2016-09-28T00:07:20Z" description="Initialize page object" finished-at="2016-09-28T00:07:20Z">
          <reporter-output>
          </reporter-output>
        </test-method> <!-- init -->
        <test-method status="PASS" signature="clickOnHourlyCalculator()[pri:0, instance:smoke.MainPageSmokeTest@68837a77]" name="clickOnHourlyCalculator" duration-ms="3592" started-at="2016-09-28T00:07:20Z" description="Click on Hourly Calculator Button" finished-at="2016-09-28T00:07:24Z">
          <reporter-output>
          </reporter-output>
        </test-method> <!-- clickOnHourlyCalculator -->
        <test-method status="PASS" signature="goToMainPage()[pri:0, instance:smoke.MainPageSmokeTest@68837a77]" name="goToMainPage" is-config="true" duration-ms="2514" started-at="2016-09-28T00:07:24Z" finished-at="2016-09-28T00:07:27Z">
          <reporter-output>
          </reporter-output>
        </test-method> <!-- goToMainPage -->
        <test-method status="PASS" signature="clickOnSalaryCalculator()[pri:0, instance:smoke.MainPageSmokeTest@68837a77]" name="clickOnSalaryCalculator" duration-ms="3105" started-at="2016-09-28T00:07:27Z" description="Click on Salary Calculator Button" finished-at="2016-09-28T00:07:30Z">
          <reporter-output>
          </reporter-output>
        </test-method> <!-- clickOnSalaryCalculator -->
        <test-method status="PASS" signature="goToMainPage()[pri:0, instance:smoke.MainPageSmokeTest@68837a77]" name="goToMainPage" is-config="true" duration-ms="3072" started-at="2016-09-28T00:07:30Z" finished-at="2016-09-28T00:07:33Z">
          <reporter-output>
          </reporter-output>
        </test-method> <!-- goToMainPage -->
        <test-method status="PASS" signature="tearDown()[pri:0, instance:smoke.MainPageSmokeTest@68837a77]" name="tearDown" is-config="true" duration-ms="184" started-at="2016-09-28T00:07:33Z" finished-at="2016-09-28T00:07:33Z">
          <reporter-output>
          </reporter-output>
        </test-method> <!-- tearDown -->
      </class> <!-- smoke.MainPageSmokeTest -->
    </test> <!-- Command line test -->
  </suite> <!-- smoke.MainPageSmokeTest -->
</testng-results>
